  main.cpp
c:\users\cathy\google\projects\greedysnake\greedysnake\main.cpp(39): warning C4244: '=': conversion from 'double' to 'float', possible loss of data
c:\users\cathy\google\projects\greedysnake\greedysnake\main.cpp(40): warning C4244: '=': conversion from 'double' to 'float', possible loss of data
c:\users\cathy\google\projects\greedysnake\greedysnake\main.cpp(93): warning C4244: 'argument': conversion from 'double' to 'GLfloat', possible loss of data
c:\users\cathy\google\projects\greedysnake\greedysnake\main.cpp(94): warning C4244: 'argument': conversion from 'double' to 'GLfloat', possible loss of data
c:\users\cathy\google\projects\greedysnake\greedysnake\main.cpp(95): warning C4244: 'argument': conversion from 'double' to 'GLfloat', possible loss of data
c:\users\cathy\google\projects\greedysnake\greedysnake\main.cpp(96): warning C4244: 'argument': conversion from 'double' to 'GLfloat', possible loss of data
c:\users\cathy\google\projects\greedysnake\greedysnake\main.cpp(97): warning C4244: 'argument': conversion from 'double' to 'GLfloat', possible loss of data
c:\users\cathy\google\projects\greedysnake\greedysnake\main.cpp(103): warning C4244: 'argument': conversion from 'double' to 'GLfloat', possible loss of data
c:\users\cathy\google\projects\greedysnake\greedysnake\main.cpp(104): warning C4244: 'argument': conversion from 'double' to 'GLfloat', possible loss of data
c:\users\cathy\google\projects\greedysnake\greedysnake\main.cpp(105): warning C4244: 'argument': conversion from 'double' to 'GLfloat', possible loss of data
c:\users\cathy\google\projects\greedysnake\greedysnake\main.cpp(106): warning C4244: 'argument': conversion from 'double' to 'GLfloat', possible loss of data
c:\users\cathy\google\projects\greedysnake\greedysnake\main.cpp(107): warning C4244: 'argument': conversion from 'double' to 'GLfloat', possible loss of data
c:\users\cathy\google\projects\greedysnake\greedysnake\main.cpp(112): warning C4305: 'argument': truncation from 'double' to 'float'
c:\users\cathy\google\projects\greedysnake\greedysnake\main.cpp(118): warning C4305: 'argument': truncation from 'double' to 'GLfloat'
c:\users\cathy\google\projects\greedysnake\greedysnake\main.cpp(120): warning C4305: 'argument': truncation from 'double' to 'GLfloat'
c:\users\cathy\google\projects\greedysnake\greedysnake\main.cpp(122): warning C4305: 'argument': truncation from 'double' to 'GLfloat'
c:\users\cathy\google\projects\greedysnake\greedysnake\main.cpp(129): warning C4305: 'argument': truncation from 'double' to 'GLfloat'
c:\users\cathy\google\projects\greedysnake\greedysnake\main.cpp(131): warning C4244: 'argument': conversion from 'double' to 'GLfloat', possible loss of data
c:\users\cathy\google\projects\greedysnake\greedysnake\main.cpp(132): warning C4244: 'argument': conversion from 'double' to 'GLfloat', possible loss of data
c:\users\cathy\google\projects\greedysnake\greedysnake\main.cpp(133): warning C4244: 'argument': conversion from 'double' to 'GLfloat', possible loss of data
c:\users\cathy\google\projects\greedysnake\greedysnake\main.cpp(135): warning C4244: 'argument': conversion from 'double' to 'GLfloat', possible loss of data
c:\users\cathy\google\projects\greedysnake\greedysnake\main.cpp(136): warning C4244: 'argument': conversion from 'double' to 'GLfloat', possible loss of data
c:\users\cathy\google\projects\greedysnake\greedysnake\main.cpp(137): warning C4244: 'argument': conversion from 'double' to 'GLfloat', possible loss of data
c:\users\cathy\google\projects\greedysnake\greedysnake\main.cpp(139): warning C4244: 'argument': conversion from 'double' to 'GLfloat', possible loss of data
c:\users\cathy\google\projects\greedysnake\greedysnake\main.cpp(140): warning C4244: 'argument': conversion from 'double' to 'GLfloat', possible loss of data
c:\users\cathy\google\projects\greedysnake\greedysnake\main.cpp(141): warning C4244: 'argument': conversion from 'double' to 'GLfloat', possible loss of data
c:\users\cathy\google\projects\greedysnake\greedysnake\main.cpp(143): warning C4305: 'argument': truncation from 'double' to 'float'
c:\users\cathy\google\projects\greedysnake\greedysnake\main.cpp(143): warning C4244: 'argument': conversion from 'double' to 'float', possible loss of data
c:\users\cathy\google\projects\greedysnake\greedysnake\main.cpp(158): warning C4305: 'argument': truncation from 'double' to 'GLfloat'
c:\users\cathy\google\projects\greedysnake\greedysnake\main.cpp(159): warning C4305: 'argument': truncation from 'double' to 'float'
c:\users\cathy\google\projects\greedysnake\greedysnake\main.cpp(177): warning C4305: 'argument': truncation from 'double' to 'float'
c:\users\cathy\google\projects\greedysnake\greedysnake\main.cpp(177): warning C4244: 'argument': conversion from 'double' to 'float', possible loss of data
c:\users\cathy\google\projects\greedysnake\greedysnake\main.cpp(178): warning C4305: 'argument': truncation from 'double' to 'float'
c:\users\cathy\google\projects\greedysnake\greedysnake\main.cpp(178): warning C4244: 'argument': conversion from 'double' to 'float', possible loss of data
c:\users\cathy\google\projects\greedysnake\greedysnake\main.cpp(179): warning C4305: 'argument': truncation from 'double' to 'GLfloat'
c:\users\cathy\google\projects\greedysnake\greedysnake\main.cpp(185): warning C4305: 'argument': truncation from 'double' to 'GLfloat'
c:\users\cathy\google\projects\greedysnake\greedysnake\main.cpp(186): warning C4244: '=': conversion from 'double' to 'float', possible loss of data
c:\users\cathy\google\projects\greedysnake\greedysnake\main.cpp(187): warning C4244: '=': conversion from 'double' to 'float', possible loss of data
c:\users\cathy\google\projects\greedysnake\greedysnake\main.cpp(188): warning C4244: '=': conversion from 'double' to 'float', possible loss of data
c:\users\cathy\google\projects\greedysnake\greedysnake\main.cpp(189): warning C4244: '=': conversion from 'double' to 'float', possible loss of data
c:\users\cathy\google\projects\greedysnake\greedysnake\main.cpp(196): warning C4305: 'argument': truncation from 'double' to 'float'
c:\users\cathy\google\projects\greedysnake\greedysnake\main.cpp(196): warning C4244: 'argument': conversion from 'double' to 'float', possible loss of data
c:\users\cathy\google\projects\greedysnake\greedysnake\main.cpp(205): warning C4305: 'argument': truncation from 'double' to 'GLfloat'
c:\users\cathy\google\projects\greedysnake\greedysnake\main.cpp(206): warning C4244: 'argument': conversion from 'double' to 'GLfloat', possible loss of data
c:\users\cathy\google\projects\greedysnake\greedysnake\main.cpp(208): warning C4244: 'argument': conversion from 'double' to 'GLfloat', possible loss of data
c:\users\cathy\google\projects\greedysnake\greedysnake\main.cpp(209): warning C4305: 'argument': truncation from 'double' to 'GLfloat'
c:\users\cathy\google\projects\greedysnake\greedysnake\main.cpp(210): warning C4244: 'argument': conversion from 'double' to 'GLfloat', possible loss of data
c:\users\cathy\google\projects\greedysnake\greedysnake\main.cpp(212): warning C4305: 'argument': truncation from 'double' to 'GLfloat'
c:\users\cathy\google\projects\greedysnake\greedysnake\main.cpp(213): warning C4244: 'argument': conversion from 'double' to 'GLfloat', possible loss of data
c:\users\cathy\google\projects\greedysnake\greedysnake\main.cpp(215): warning C4244: 'argument': conversion from 'double' to 'GLfloat', possible loss of data
c:\users\cathy\google\projects\greedysnake\greedysnake\main.cpp(216): warning C4305: 'argument': truncation from 'double' to 'GLfloat'
c:\users\cathy\google\projects\greedysnake\greedysnake\main.cpp(217): warning C4244: 'argument': conversion from 'double' to 'GLfloat', possible loss of data
c:\users\cathy\google\projects\greedysnake\greedysnake\main.cpp(219): warning C4305: 'argument': truncation from 'double' to 'GLfloat'
c:\users\cathy\google\projects\greedysnake\greedysnake\main.cpp(220): warning C4244: 'argument': conversion from 'double' to 'GLfloat', possible loss of data
c:\users\cathy\google\projects\greedysnake\greedysnake\main.cpp(222): warning C4244: 'argument': conversion from 'double' to 'GLfloat', possible loss of data
c:\users\cathy\google\projects\greedysnake\greedysnake\main.cpp(223): warning C4305: 'argument': truncation from 'double' to 'GLfloat'
c:\users\cathy\google\projects\greedysnake\greedysnake\main.cpp(224): warning C4244: 'argument': conversion from 'double' to 'GLfloat', possible loss of data
c:\users\cathy\google\projects\greedysnake\greedysnake\main.cpp(235): warning C4244: 'argument': conversion from 'double' to 'GLfloat', possible loss of data
c:\users\cathy\google\projects\greedysnake\greedysnake\main.cpp(236): warning C4244: 'argument': conversion from 'double' to 'GLfloat', possible loss of data
c:\users\cathy\google\projects\greedysnake\greedysnake\main.cpp(237): warning C4244: 'argument': conversion from 'double' to 'GLfloat', possible loss of data
c:\users\cathy\google\projects\greedysnake\greedysnake\main.cpp(244): warning C4244: 'argument': conversion from 'double' to 'GLfloat', possible loss of data
c:\users\cathy\google\projects\greedysnake\greedysnake\main.cpp(245): warning C4244: 'argument': conversion from 'double' to 'GLfloat', possible loss of data
c:\users\cathy\google\projects\greedysnake\greedysnake\main.cpp(246): warning C4244: 'argument': conversion from 'double' to 'GLfloat', possible loss of data
c:\users\cathy\google\projects\greedysnake\greedysnake\main.cpp(257): warning C4244: 'argument': conversion from 'double' to 'GLfloat', possible loss of data
c:\users\cathy\google\projects\greedysnake\greedysnake\main.cpp(258): warning C4244: 'argument': conversion from 'double' to 'GLfloat', possible loss of data
c:\users\cathy\google\projects\greedysnake\greedysnake\main.cpp(259): warning C4244: 'argument': conversion from 'double' to 'GLfloat', possible loss of data
c:\users\cathy\google\projects\greedysnake\greedysnake\main.cpp(260): warning C4244: 'argument': conversion from 'double' to 'GLfloat', possible loss of data
c:\users\cathy\google\projects\greedysnake\greedysnake\main.cpp(261): warning C4244: 'argument': conversion from 'double' to 'GLfloat', possible loss of data
c:\users\cathy\google\projects\greedysnake\greedysnake\main.cpp(262): warning C4244: 'argument': conversion from 'double' to 'GLfloat', possible loss of data
c:\users\cathy\google\projects\greedysnake\greedysnake\main.cpp(263): warning C4244: 'argument': conversion from 'double' to 'GLfloat', possible loss of data
c:\users\cathy\google\projects\greedysnake\greedysnake\main.cpp(264): warning C4244: 'argument': conversion from 'double' to 'GLfloat', possible loss of data
c:\users\cathy\google\projects\greedysnake\greedysnake\main.cpp(265): warning C4244: 'argument': conversion from 'double' to 'GLfloat', possible loss of data
c:\users\cathy\google\projects\greedysnake\greedysnake\main.cpp(266): warning C4244: 'argument': conversion from 'double' to 'GLfloat', possible loss of data
c:\users\cathy\google\projects\greedysnake\greedysnake\main.cpp(267): warning C4244: 'argument': conversion from 'double' to 'GLfloat', possible loss of data
c:\users\cathy\google\projects\greedysnake\greedysnake\main.cpp(268): warning C4244: 'argument': conversion from 'double' to 'GLfloat', possible loss of data
c:\users\cathy\google\projects\greedysnake\greedysnake\main.cpp(269): warning C4244: 'argument': conversion from 'double' to 'GLfloat', possible loss of data
c:\users\cathy\google\projects\greedysnake\greedysnake\main.cpp(270): warning C4244: 'argument': conversion from 'double' to 'GLfloat', possible loss of data
c:\users\cathy\google\projects\greedysnake\greedysnake\main.cpp(273): warning C4305: 'argument': truncation from 'double' to 'float'
c:\users\cathy\google\projects\greedysnake\greedysnake\main.cpp(273): warning C4244: 'argument': conversion from 'double' to 'float', possible loss of data
c:\users\cathy\google\projects\greedysnake\greedysnake\main.cpp(274): warning C4305: 'argument': truncation from 'double' to 'float'
c:\users\cathy\google\projects\greedysnake\greedysnake\main.cpp(274): warning C4244: 'argument': conversion from 'double' to 'float', possible loss of data
c:\users\cathy\google\projects\greedysnake\greedysnake\main.cpp(277): warning C4244: 'argument': conversion from 'double' to 'GLfloat', possible loss of data
c:\users\cathy\google\projects\greedysnake\greedysnake\main.cpp(278): warning C4244: 'argument': conversion from 'double' to 'GLfloat', possible loss of data
c:\users\cathy\google\projects\greedysnake\greedysnake\main.cpp(279): warning C4244: 'argument': conversion from 'double' to 'GLfloat', possible loss of data
c:\users\cathy\google\projects\greedysnake\greedysnake\main.cpp(280): warning C4244: 'argument': conversion from 'double' to 'GLfloat', possible loss of data
c:\users\cathy\google\projects\greedysnake\greedysnake\main.cpp(281): warning C4244: 'argument': conversion from 'double' to 'GLfloat', possible loss of data
c:\users\cathy\google\projects\greedysnake\greedysnake\main.cpp(282): warning C4244: 'argument': conversion from 'double' to 'GLfloat', possible loss of data
c:\users\cathy\google\projects\greedysnake\greedysnake\main.cpp(283): warning C4244: 'argument': conversion from 'double' to 'GLfloat', possible loss of data
c:\users\cathy\google\projects\greedysnake\greedysnake\main.cpp(284): warning C4244: 'argument': conversion from 'double' to 'GLfloat', possible loss of data
c:\users\cathy\google\projects\greedysnake\greedysnake\main.cpp(285): warning C4244: 'argument': conversion from 'double' to 'GLfloat', possible loss of data
c:\users\cathy\google\projects\greedysnake\greedysnake\main.cpp(286): warning C4244: 'argument': conversion from 'double' to 'GLfloat', possible loss of data
c:\users\cathy\google\projects\greedysnake\greedysnake\main.cpp(287): warning C4244: 'argument': conversion from 'double' to 'GLfloat', possible loss of data
c:\users\cathy\google\projects\greedysnake\greedysnake\main.cpp(293): warning C4305: 'argument': truncation from 'double' to 'float'
c:\users\cathy\google\projects\greedysnake\greedysnake\main.cpp(293): warning C4244: 'argument': conversion from 'double' to 'float', possible loss of data
c:\users\cathy\google\projects\greedysnake\greedysnake\main.cpp(303): warning C4244: 'argument': conversion from 'int' to 'GLfloat', possible loss of data
c:\users\cathy\google\projects\greedysnake\greedysnake\main.cpp(304): warning C4244: 'argument': conversion from 'int' to 'GLfloat', possible loss of data
c:\users\cathy\google\projects\greedysnake\greedysnake\main.cpp(308): warning C4244: 'argument': conversion from 'int' to 'GLfloat', possible loss of data
c:\users\cathy\google\projects\greedysnake\greedysnake\main.cpp(309): warning C4244: 'argument': conversion from 'int' to 'GLfloat', possible loss of data
c:\users\cathy\google\projects\greedysnake\greedysnake\main.cpp(319): warning C4244: 'argument': conversion from 'time_t' to 'unsigned int', possible loss of data
c:\users\cathy\google\projects\greedysnake\greedysnake\main.cpp(348): warning C4996: 'fopen': This function or variable may be unsafe. Consider using fopen_s instead. To disable deprecation, use _CRT_SECURE_NO_WARNINGS. See online help for details.
  c:\program files (x86)\windows kits\10\include\10.0.10240.0\ucrt\stdio.h(205): note: see declaration of 'fopen'
c:\users\cathy\google\projects\greedysnake\greedysnake\main.cpp(418): warning C4244: '*=': conversion from 'double' to 'int', possible loss of data
c:\users\cathy\google\projects\greedysnake\greedysnake\main.cpp(449): warning C4244: 'argument': conversion from 'int' to 'float', possible loss of data
c:\users\cathy\google\projects\greedysnake\greedysnake\main.cpp(452): warning C4244: 'argument': conversion from 'int' to 'float', possible loss of data
c:\users\cathy\google\projects\greedysnake\greedysnake\main.cpp(468): warning C4244: 'argument': conversion from 'int' to 'float', possible loss of data
c:\users\cathy\google\projects\greedysnake\greedysnake\main.cpp(469): warning C4244: 'argument': conversion from 'int' to 'float', possible loss of data
c:\users\cathy\google\projects\greedysnake\greedysnake\main.cpp(478): warning C4244: 'argument': conversion from 'int' to 'float', possible loss of data
c:\users\cathy\google\projects\greedysnake\greedysnake\main.cpp(498): warning C4244: '-=': conversion from 'double' to 'int', possible loss of data
c:\users\cathy\google\projects\greedysnake\greedysnake\main.cpp(499): warning C4244: '+=': conversion from 'double' to 'int', possible loss of data
c:\users\cathy\google\projects\greedysnake\greedysnake\main.cpp(502): warning C4244: 'argument': conversion from 'double' to 'float', possible loss of data
c:\users\cathy\google\projects\greedysnake\greedysnake\main.cpp(524): warning C4244: '-=': conversion from 'double' to 'int', possible loss of data
c:\users\cathy\google\projects\greedysnake\greedysnake\main.cpp(525): warning C4244: '+=': conversion from 'double' to 'int', possible loss of data
c:\users\cathy\google\projects\greedysnake\greedysnake\main.cpp(528): warning C4244: 'argument': conversion from 'double' to 'float', possible loss of data
c:\users\cathy\google\projects\greedysnake\greedysnake\main.cpp(541): warning C4244: '-=': conversion from 'double' to 'int', possible loss of data
c:\users\cathy\google\projects\greedysnake\greedysnake\main.cpp(542): warning C4244: '+=': conversion from 'double' to 'int', possible loss of data
c:\users\cathy\google\projects\greedysnake\greedysnake\main.cpp(545): warning C4244: 'argument': conversion from 'double' to 'float', possible loss of data
c:\users\cathy\google\projects\greedysnake\greedysnake\main.cpp(482): warning C4996: 'fopen': This function or variable may be unsafe. Consider using fopen_s instead. To disable deprecation, use _CRT_SECURE_NO_WARNINGS. See online help for details.
  c:\program files (x86)\windows kits\10\include\10.0.10240.0\ucrt\stdio.h(205): note: see declaration of 'fopen'
c:\users\cathy\google\projects\greedysnake\greedysnake\main.cpp(483): warning C4996: 'fopen': This function or variable may be unsafe. Consider using fopen_s instead. To disable deprecation, use _CRT_SECURE_NO_WARNINGS. See online help for details.
  c:\program files (x86)\windows kits\10\include\10.0.10240.0\ucrt\stdio.h(205): note: see declaration of 'fopen'
c:\users\cathy\google\projects\greedysnake\greedysnake\main.cpp(484): warning C4996: 'fopen': This function or variable may be unsafe. Consider using fopen_s instead. To disable deprecation, use _CRT_SECURE_NO_WARNINGS. See online help for details.
  c:\program files (x86)\windows kits\10\include\10.0.10240.0\ucrt\stdio.h(205): note: see declaration of 'fopen'
c:\users\cathy\google\projects\greedysnake\greedysnake\main.cpp(485): warning C4996: 'fopen': This function or variable may be unsafe. Consider using fopen_s instead. To disable deprecation, use _CRT_SECURE_NO_WARNINGS. See online help for details.
  c:\program files (x86)\windows kits\10\include\10.0.10240.0\ucrt\stdio.h(205): note: see declaration of 'fopen'
c:\users\cathy\google\projects\greedysnake\greedysnake\main.cpp(486): warning C4996: 'fopen': This function or variable may be unsafe. Consider using fopen_s instead. To disable deprecation, use _CRT_SECURE_NO_WARNINGS. See online help for details.
  c:\program files (x86)\windows kits\10\include\10.0.10240.0\ucrt\stdio.h(205): note: see declaration of 'fopen'
c:\users\cathy\google\projects\greedysnake\greedysnake\main.cpp(487): warning C4996: 'fopen': This function or variable may be unsafe. Consider using fopen_s instead. To disable deprecation, use _CRT_SECURE_NO_WARNINGS. See online help for details.
  c:\program files (x86)\windows kits\10\include\10.0.10240.0\ucrt\stdio.h(205): note: see declaration of 'fopen'
c:\users\cathy\google\projects\greedysnake\greedysnake\main.cpp(488): warning C4996: 'fopen': This function or variable may be unsafe. Consider using fopen_s instead. To disable deprecation, use _CRT_SECURE_NO_WARNINGS. See online help for details.
  c:\program files (x86)\windows kits\10\include\10.0.10240.0\ucrt\stdio.h(205): note: see declaration of 'fopen'
c:\users\cathy\google\projects\greedysnake\greedysnake\main.cpp(489): warning C4996: 'fopen': This function or variable may be unsafe. Consider using fopen_s instead. To disable deprecation, use _CRT_SECURE_NO_WARNINGS. See online help for details.
  c:\program files (x86)\windows kits\10\include\10.0.10240.0\ucrt\stdio.h(205): note: see declaration of 'fopen'
c:\users\cathy\google\projects\greedysnake\greedysnake\main.cpp(490): warning C4996: 'fopen': This function or variable may be unsafe. Consider using fopen_s instead. To disable deprecation, use _CRT_SECURE_NO_WARNINGS. See online help for details.
  c:\program files (x86)\windows kits\10\include\10.0.10240.0\ucrt\stdio.h(205): note: see declaration of 'fopen'
c:\users\cathy\google\projects\greedysnake\greedysnake\main.cpp(491): warning C4996: 'fopen': This function or variable may be unsafe. Consider using fopen_s instead. To disable deprecation, use _CRT_SECURE_NO_WARNINGS. See online help for details.
  c:\program files (x86)\windows kits\10\include\10.0.10240.0\ucrt\stdio.h(205): note: see declaration of 'fopen'
c:\users\cathy\google\projects\greedysnake\greedysnake\main.cpp(508): warning C4996: 'fopen': This function or variable may be unsafe. Consider using fopen_s instead. To disable deprecation, use _CRT_SECURE_NO_WARNINGS. See online help for details.
  c:\program files (x86)\windows kits\10\include\10.0.10240.0\ucrt\stdio.h(205): note: see declaration of 'fopen'
c:\users\cathy\google\projects\greedysnake\greedysnake\main.cpp(509): warning C4996: 'fopen': This function or variable may be unsafe. Consider using fopen_s instead. To disable deprecation, use _CRT_SECURE_NO_WARNINGS. See online help for details.
  c:\program files (x86)\windows kits\10\include\10.0.10240.0\ucrt\stdio.h(205): note: see declaration of 'fopen'
c:\users\cathy\google\projects\greedysnake\greedysnake\main.cpp(510): warning C4996: 'fopen': This function or variable may be unsafe. Consider using fopen_s instead. To disable deprecation, use _CRT_SECURE_NO_WARNINGS. See online help for details.
  c:\program files (x86)\windows kits\10\include\10.0.10240.0\ucrt\stdio.h(205): note: see declaration of 'fopen'
c:\users\cathy\google\projects\greedysnake\greedysnake\main.cpp(511): warning C4996: 'fopen': This function or variable may be unsafe. Consider using fopen_s instead. To disable deprecation, use _CRT_SECURE_NO_WARNINGS. See online help for details.
  c:\program files (x86)\windows kits\10\include\10.0.10240.0\ucrt\stdio.h(205): note: see declaration of 'fopen'
c:\users\cathy\google\projects\greedysnake\greedysnake\main.cpp(512): warning C4996: 'fopen': This function or variable may be unsafe. Consider using fopen_s instead. To disable deprecation, use _CRT_SECURE_NO_WARNINGS. See online help for details.
  c:\program files (x86)\windows kits\10\include\10.0.10240.0\ucrt\stdio.h(205): note: see declaration of 'fopen'
c:\users\cathy\google\projects\greedysnake\greedysnake\main.cpp(513): warning C4996: 'fopen': This function or variable may be unsafe. Consider using fopen_s instead. To disable deprecation, use _CRT_SECURE_NO_WARNINGS. See online help for details.
  c:\program files (x86)\windows kits\10\include\10.0.10240.0\ucrt\stdio.h(205): note: see declaration of 'fopen'
c:\users\cathy\google\projects\greedysnake\greedysnake\main.cpp(514): warning C4996: 'fopen': This function or variable may be unsafe. Consider using fopen_s instead. To disable deprecation, use _CRT_SECURE_NO_WARNINGS. See online help for details.
  c:\program files (x86)\windows kits\10\include\10.0.10240.0\ucrt\stdio.h(205): note: see declaration of 'fopen'
c:\users\cathy\google\projects\greedysnake\greedysnake\main.cpp(515): warning C4996: 'fopen': This function or variable may be unsafe. Consider using fopen_s instead. To disable deprecation, use _CRT_SECURE_NO_WARNINGS. See online help for details.
  c:\program files (x86)\windows kits\10\include\10.0.10240.0\ucrt\stdio.h(205): note: see declaration of 'fopen'
c:\users\cathy\google\projects\greedysnake\greedysnake\main.cpp(516): warning C4996: 'fopen': This function or variable may be unsafe. Consider using fopen_s instead. To disable deprecation, use _CRT_SECURE_NO_WARNINGS. See online help for details.
  c:\program files (x86)\windows kits\10\include\10.0.10240.0\ucrt\stdio.h(205): note: see declaration of 'fopen'
c:\users\cathy\google\projects\greedysnake\greedysnake\main.cpp(517): warning C4996: 'fopen': This function or variable may be unsafe. Consider using fopen_s instead. To disable deprecation, use _CRT_SECURE_NO_WARNINGS. See online help for details.
  c:\program files (x86)\windows kits\10\include\10.0.10240.0\ucrt\stdio.h(205): note: see declaration of 'fopen'
c:\users\cathy\google\projects\greedysnake\greedysnake\main.cpp(534): warning C4996: 'fopen': This function or variable may be unsafe. Consider using fopen_s instead. To disable deprecation, use _CRT_SECURE_NO_WARNINGS. See online help for details.
  c:\program files (x86)\windows kits\10\include\10.0.10240.0\ucrt\stdio.h(205): note: see declaration of 'fopen'
c:\users\cathy\google\projects\greedysnake\greedysnake\main.cpp(437): warning C4101: 'Num': unreferenced local variable
  GreedySnake.vcxproj -> C:\Users\Cathy\Google\Projects\GreedySnake\Debug\GreedySnake.exe
  GreedySnake.vcxproj -> C:\Users\Cathy\Google\Projects\GreedySnake\Debug\GreedySnake.pdb (Full PDB)
